2025-11-04 10:34:54,585 - __main__ - INFO - Starting main process...
2025-11-04 10:34:55,116 - __main__ - ERROR - Error fetching firm users: Error: 200 - 
2025-11-04 10:34:55,117 - __main__ - INFO - Fetching timecards from 2025-11-03 to 2025-11-07...
2025-11-04 10:40:05,887 - __main__ - INFO - Starting main process...
2025-11-04 10:40:06,478 - __main__ - ERROR - Error fetching firm users: Error: 200 - 
2025-11-04 10:43:43,651 - __main__ - INFO - Starting main process...
2025-11-04 10:43:44,137 - __main__ - INFO - Fetching timecards from 2025-11-03 to 2025-11-07...
2025-11-04 10:48:31,517 - __main__ - INFO - Starting main process...
2025-11-04 10:48:31,941 - __main__ - INFO - Fetching timecards from 2025-11-03 to 2025-11-07...
2025-11-04 10:49:12,861 - __main__ - INFO - Starting main process...
2025-11-04 10:49:13,249 - __main__ - INFO - Fetching timecards from 2025-11-03 to 2025-11-07...
2025-11-04 10:49:48,605 - __main__ - INFO - Starting main process...
2025-11-04 10:49:48,927 - __main__ - INFO - Fetching timecards from 2025-11-03 to 2025-11-07...
2025-11-04 10:50:19,312 - __main__ - INFO - Starting main process...
2025-11-04 10:50:19,666 - __main__ - INFO - Fetching timecards from 2025-11-03 to 2025-11-07...
2025-11-04 10:50:33,045 - __main__ - INFO - Starting main process...
2025-11-04 10:50:33,406 - __main__ - INFO - Fetching timecards from 2025-11-03 to 2025-11-07...
2025-11-04 10:51:25,997 - __main__ - INFO - Starting main process...
2025-11-04 10:51:26,442 - __main__ - INFO - Fetching timecards from 2025-11-03 to 2025-11-07...
2025-11-04 10:51:59,156 - __main__ - INFO - Starting main process...
2025-11-04 10:51:59,622 - __main__ - INFO - Fetching timecards from 2025-11-03 to 2025-11-07...
2025-11-04 10:55:20,014 - __main__ - INFO - Starting main process...
2025-11-04 10:55:20,556 - __main__ - INFO - Fetching timecards from 2025-11-03 to 2025-11-07...
2025-11-04 10:59:49,458 - __main__ - INFO - Starting main process...
2025-11-04 10:59:49,866 - __main__ - INFO - Fetching timecards from 2025-11-03 to 2025-11-07...
2025-11-04 10:59:54,312 - __main__ - INFO - Email sent successfully to ah@mcnulty.cpa
2025-11-04 11:15:39,913 - __main__ - INFO - Starting main process...
2025-11-04 11:15:40,343 - __main__ - INFO - Fetching timecards from 2025-11-03 to 2025-11-07...
2025-11-04 11:15:44,380 - __main__ - INFO - Email sent successfully to ah@mcnulty.cpa
2025-11-06 09:09:15,657 - __main__ - INFO - Starting main process...
2025-11-06 09:09:16,185 - __main__ - INFO - Fetching timecards from 2025-11-03 to 2025-11-07...
2025-11-06 09:09:17,326 - __main__ - INFO - Excluding user 87002 from tracking as per exclusion list.
2025-11-06 09:09:19,145 - __main__ - INFO - Timecard submission data saved to artifacts/timecard_submissions_2025-11-03_to_2025-11-07.csv
2025-11-06 09:10:34,087 - __main__ - INFO - Starting main process...
2025-11-06 09:10:34,567 - __main__ - INFO - Fetching timecards from 2025-11-03 to 2025-11-07...
2025-11-06 09:10:35,682 - __main__ - INFO - Excluding user 87002 from tracking as per exclusion list.
2025-11-06 09:10:37,556 - __main__ - INFO - Timecard submission data saved to artifacts/timecard_submissions_2025-11-03_to_2025-11-07.csv
